<?xml version="1.0" encoding="UTF-8"?>
<testsuite xmlns:xsi="http://www.w3.org/2001/XMLSchema-instance" xsi:noNamespaceSchemaLocation="https://maven.apache.org/surefire/maven-surefire-plugin/xsd/surefire-test-report.xsd" name="TestSuite" time="5.501" tests="3" errors="0" skipped="0" failures="3">
  <properties>
[...]
</properties>
  <testcase name="shouldDisplay3Links" classname="HomePageTest" time="0.143">
    <failure type="java.lang.NullPointerException">java.lang.NullPointerException
	at HomePageTest.shouldDisplay3Links(HomePageTest.java:16)
</failure>
    <system-err><![CDATA[SLF4J: Failed to load class "org.slf4j.impl.StaticLoggerBinder".
SLF4J: Defaulting to no-operation (NOP) logger implementation
SLF4J: See http://www.slf4j.org/codes.html#StaticLoggerBinder for further details.
Starting ChromeDriver 86.0.4240.22 (398b0743353ff36fb1b82468f63a3a93b4e2e89e-refs/branch-heads/4240@{#378}) on port 41661
Only local connections are allowed.
Please see https://chromedriver.chromium.org/security-considerations for suggestions on keeping ChromeDriver safe.
ChromeDriver was started successfully.
lis 09, 2020 11:01:28 PM org.openqa.selenium.remote.ProtocolHandshake createSession
INFO: Detected dialect: W3C
]]></system-err>
  </testcase>
  <testcase name="shouldDisplay5TopRanks" classname="HomePageTest" time="0.003">
    <failure type="java.lang.NullPointerException">java.lang.NullPointerException
	at HomePageTest.shouldDisplay5TopRanks(HomePageTest.java:23)
</failure>
  </testcase>
  <testcase name="shouldDisplayProperTopRankPlayersNames" classname="HomePageTest" time="0.002">
    <failure type="java.lang.NullPointerException">java.lang.NullPointerException
	at HomePageTest.shouldDisplayProperTopRankPlayersNames(HomePageTest.java:29)
</failure>
  </testcase>
</testsuite>